This is pdfTeX, Version 3.14159265-2.6-1.40.17 (TeX Live 2016/Arch Linux) (preloaded format=prv_presentation 2017.3.12)  12 MAR 2017 18:36
entering extended mode
 restricted \write18 enabled.
 %&-line parsing enabled.
**&prv_presentation _region_.tex
(./_region_.tex
LaTeX2e <2016/03/31> patch level 3
Babel <3.9r> and hyphenation patterns for 83 language(s) loaded.
CUSTOMISED FORMAT. Preloaded files:
        .
  beamer.cls    2015/01/05 3.36 A class for typesetting presentations (rcs-revi
sion 8a39122e1f63)
beamerbasercs.sty    2015/03/08 (rcs-revision 368aa9ba9d38)
beamerbasemodes.sty    2013/09/03 (rcs-revision 768f2d98ca64)
beamerbasedecode.sty    2010/05/01 (rcs-revision efa082c6111d)
   ifpdf.sty    2016/05/14 v3.1 Provides the ifpdf switch
beamerbaseoptions.sty    2013/03/10 (rcs-revision 47431932db0d)
  keyval.sty    2014/10/28 v1.15 key=value parser (DPC)
geometry.sty    2010/09/12 v5.6 Page Geometry
  ifvtex.sty    2016/05/16 v1.6 Detect VTeX and its facilities (HO)
 ifxetex.sty    2010/09/12 v0.6 Provides ifxetex conditional
  size11.clo    2014/09/29 v1.4h Standard LaTeX file (size option)
 pgfcore.sty    2010/04/11 v3.0.1a (rcs-revision 1.7)
graphicx.sty    2014/10/28 v1.0g Enhanced LaTeX Graphics (DPC,SPQR)
graphics.sty    2016/07/10 v1.0t Standard LaTeX Graphics (DPC,SPQR)
    trig.sty    2016/01/03 v1.10 sin cos tan (DPC)
graphics.cfg    2016/06/04 v1.11 sample graphics configuration
  pdftex.def    2016/07/10 v0.06j Graphics/color for pdfTeX
infwarerr.sty    2016/05/16 v1.4 Providing info/warning/error messages (HO)
 ltxcmds.sty    2016/05/16 v1.23 LaTeX kernel commands for general use (HO)
  pgfsys.sty    2014/07/09 v3.0.1a (rcs-revision 1.48)
  pgfrcs.sty    2015/08/07 v3.0.1a (rcs-revision 1.31)
everyshi.sty    2001/05/15 v3.00 EveryShipout Package (MS)
  pgfrcs.code.tex
  pgfsys.code.tex
pgfsyssoftpath.code.tex    2013/09/09  (rcs-revision 1.9)
pgfsysprotocol.code.tex    2006/10/16  (rcs-revision 1.4)
  xcolor.sty    2016/05/11 v2.12 LaTeX color extensions (UK)
   color.cfg    2016/01/02 v1.6 sample color configuration
 pgfcore.code.tex
 xxcolor.sty    2003/10/24 ver 0.1
atbegshi.sty    2016/06/09 v1.18 At begin shipout hook (HO)
hyperref.sty    2016/06/24 v6.83q Hypertext links for LaTeX
hobsub-hyperref.sty    2016/05/16 v1.14 Bundle oberdiek, subset hyperref (HO)
hobsub-generic.sty    2016/05/16 v1.14 Bundle oberdiek, subset generic (HO)
  hobsub.sty    2016/05/16 v1.14 Construct package bundles (HO)
ifluatex.sty    2016/05/16 v1.4 Provides the ifluatex switch (HO)
 intcalc.sty    2016/05/16 v1.2 Expandable calculations with integers (HO)
etexcmds.sty    2016/05/16 v1.6 Avoid name clashes with e-TeX commands (HO)
kvsetkeys.sty    2016/05/16 v1.17 Key value parser (HO)
kvdefinekeys.sty    2016/05/16 v1.4 Define keys (HO)
pdftexcmds.sty    2016/05/21 v0.22 Utility functions of pdfTeX for LuaTeX (HO)
pdfescape.sty    2016/05/16 v1.14 Implements pdfTeX's escape features (HO)
bigintcalc.sty    2016/05/16 v1.4 Expandable calculations on big integers (HO)
  bitset.sty    2016/05/16 v1.2 Handle bit-vector datatype (HO)
uniquecounter.sty    2016/05/16 v1.3 Provide unlimited unique counter (HO)
letltxmacro.sty    2016/05/16 v1.5 Let assignment for LaTeX macros (HO)
 hopatch.sty    2016/05/16 v1.3 Wrapper for package hooks (HO)
xcolor-patch.sty    2016/05/16 xcolor patch
atveryend.sty    2016/05/16 v1.9 Hooks at the very end of document (HO)
refcount.sty    2016/05/16 v3.5 Data extraction from label references (HO)
 hycolor.sty    2016/05/16 v1.8 Color options for hyperref/bookmark (HO)
 auxhook.sty    2016/05/16 v1.4 Hooks for auxiliary files (HO)
kvoptions.sty    2016/05/16 v3.12 Key value format for package options (HO)
  pd1enc.def    2016/06/24 v6.83q Hyperref: PDFDocEncoding definition (HO)
hyperref.cfg    2002/06/06 v1.2 hyperref configuration of TeXLive
     url.sty    2013/09/16  ver 3.4  Verb mode for urls, etc.
 hpdftex.def    2016/06/24 v6.83q Hyperref driver for pdfTeX
rerunfilecheck.sty    2016/05/16 v1.8 Rerun checks for auxiliary files (HO)
beamerbaserequires.sty    2010/05/01  (rcs-revision efa082c6111d)
beamerbasecompatibility.sty    2012/05/01  (rcs-revision 67c48b3b652d)
beamerbasefont.sty    2015/01/05  (rcs-revision b4b4bee242e2)
 amssymb.sty    2013/01/14 v3.01 AMS font symbols
amsfonts.sty    2013/01/14 v3.01 Basic AMSFonts support
sansmathaccent.sty    2013/03/28
filehook.sty    2011/10/12 v0.5d Hooks for input files
beamerbasetranslator.sty    2010/06/11  (rcs-revision 85fd1cc7fc42)
translator.sty    2010/06/12 ver 1.10
translator-language-mappings.tex
beamerbasemisc.sty    2013/09/03  (rcs-revision a55719c41d85)
beamerbasetwoscreens.sty    2010/05/01  (rcs-revision efa082c6111d)
beamerbaseoverlay.sty    2013/12/25  (rcs-revision f6bd5e3805da)
beamerbasetitle.sty    2010/09/21  (rcs-revision f0446ed0b6ae)
beamerbasesection.sty    2013/06/07  (rcs-revision 60b9fe0f342f)
beamerbaseframe.sty    2014/02/20  (rcs-revision 4b8ceeeff434)
beamerbaseverbatim.sty    2015/01/05  (rcs-revision 431510bb5890)
beamerbaseframesize.sty    2011/09/12  (rcs-revision 70f9d8411e54)
beamerbaseframecomponents.sty    2013/10/18  (rcs-revision 5cf6c5555a45)
beamerbasecolor.sty    2015/02/21  (rcs-revision d944b04ee2d5)
beamerbasenotes.sty    2012/12/19  (rcs-revision 1686da3db3c9)
beamerbasetoc.sty    2015/03/08  (rcs-revision 7270298bbaae)
beamerbasetemplates.sty    2010/05/01  (rcs-revision efa082c6111d)
beamerbaseauxtemplates.sty    2014/06/30  (rcs-revision 580088513a67)
beamerbaseboxes.sty    2012/05/13  (rcs-revision 56972908a390)
beamerbaselocalstructure.sty    2014/09/10  (rcs-revision 393f6dcff371)
enumerate.sty    2015/07/23 v3.00 enumerate extensions (DPC)
beamerbasenavigation.sty    2015/02/27  (rcs-revision 923f4bf87efa)
beamerbasetheorems.sty    2010/06/06  (rcs-revision 7e7cc5e53e9d)
 amsmath.sty    2016/06/28 v2.15d AMS math features
 amstext.sty    2000/06/29 v2.01 AMS text
  amsgen.sty    1999/11/30 v2.0 generic functions
  amsbsy.sty    1999/11/29 v1.2d Bold Symbols
  amsopn.sty    2016/03/08 v2.02 operator names
  amsthm.sty    2015/03/04 v2.20.2
beamerbasethemes.sty    2010/05/01  (rcs-revision efa082c6111d)
beamerthemedefault.sty    2010/06/17  (rcs-revision d02a7cf4d8ae)
beamerfontthemedefault.sty    2012/12/19  (rcs-revision 1686da3db3c9)
beamercolorthemedefault.sty    2012/12/19  (rcs-revision 1686da3db3c9)
beamerinnerthemedefault.sty    2014/06/30  (rcs-revision 580088513a67)
beamerouterthemedefault.sty    2012/12/19  (rcs-revision 1686da3db3c9)
inputenc.sty    2015/03/17 v1.2c Input encoding file
    utf8.def    2016/02/28 v1.1s UTF-8 support for inputenc
   t1enc.dfu    2016/02/28 v1.1s UTF-8 support for inputenc
  ot1enc.dfu    2016/02/28 v1.1s UTF-8 support for inputenc
  omsenc.dfu    2016/02/28 v1.1s UTF-8 support for inputenc
    umsa.fd    2013/01/14 v3.01 AMS symbols A
    umsb.fd    2013/01/14 v3.01 AMS symbols B
        .
No file _region_.aux.
LaTeX Font Info:    Checking defaults for OML/cmm/m/it on input line 12.
LaTeX Font Info:    ... okay on input line 12.
LaTeX Font Info:    Checking defaults for T1/cmr/m/n on input line 12.
LaTeX Font Info:    ... okay on input line 12.
LaTeX Font Info:    Checking defaults for OT1/cmr/m/n on input line 12.
LaTeX Font Info:    ... okay on input line 12.
LaTeX Font Info:    Checking defaults for OMS/cmsy/m/n on input line 12.
LaTeX Font Info:    ... okay on input line 12.
LaTeX Font Info:    Checking defaults for OMX/cmex/m/n on input line 12.
LaTeX Font Info:    ... okay on input line 12.
LaTeX Font Info:    Checking defaults for U/cmr/m/n on input line 12.
LaTeX Font Info:    ... okay on input line 12.
LaTeX Font Info:    Checking defaults for PD1/pdf/m/n on input line 12.
LaTeX Font Info:    ... okay on input line 12.
(/home/felipe/.emacs.d/elpa/auctex-11.89.7/latex/preview.sty
Package: preview 2010/02/14 11.89 (AUCTeX/preview-latex)

(/home/felipe/.emacs.d/elpa/auctex-11.89.7/latex/prtightpage.def
\PreviewBorder=\dimen188
)
(/home/felipe/.emacs.d/elpa/auctex-11.89.7/latex/prauctex.def
No auxiliary output files.


\hbadness=\count153
\hfuzz=\dimen189
(/home/felipe/.emacs.d/elpa/auctex-11.89.7/latex/prauctex.cfg))
(/home/felipe/.emacs.d/elpa/auctex-11.89.7/latex/prfootnotes.def)
\pr@snippet=\count154
\pr@box=\box53
\pr@output=\toks45

Preview: Fontsize 10.95pt
Preview: PDFoutput 1
)
*geometry* driver: auto-detecting
*geometry* detected driver: pdftex
*geometry* verbose mode - [ preamble ] result:
* driver: pdftex
* paper: custom
* layout: <same size as paper>
* layoutoffset:(h,v)=(0.0pt,0.0pt)
* modes: includehead includefoot 
* h-part:(L,W,R)=(28.45274pt, 307.28987pt, 28.45274pt)
* v-part:(T,H,B)=(0.0pt, 273.14662pt, 0.0pt)
* \paperwidth=364.19536pt
* \paperheight=273.14662pt
* \textwidth=307.28987pt
* \textheight=244.6939pt
* \oddsidemargin=-43.81725pt
* \evensidemargin=-43.81725pt
* \topmargin=-72.26999pt
* \headheight=14.22636pt
* \headsep=0.0pt
* \topskip=11.0pt
* \footskip=14.22636pt
* \marginparwidth=4.0pt
* \marginparsep=10.0pt
* \columnsep=10.0pt
* \skip\footins=10.0pt plus 4.0pt minus 2.0pt
* \hoffset=0.0pt
* \voffset=0.0pt
* \mag=1000
* \@twocolumnfalse
* \@twosidefalse
* \@mparswitchfalse
* \@reversemarginfalse
* (1in=72.27pt=25.4mm, 1cm=28.453pt)

(/usr/share/texmf-dist/tex/context/base/mkii/supp-pdf.mkii
[Loading MPS to PDF converter (version 2006.09.02).]
\scratchcounter=\count155
\scratchdimen=\dimen190
\scratchbox=\box54
\nofMPsegments=\count156
\nofMParguments=\count157
\everyMPshowfont=\toks46
\MPscratchCnt=\count158
\MPscratchDim=\dimen191
\MPnumerator=\count159
\makeMPintoPDFobject=\count160
\everyMPtoPDFconversion=\toks47
) (/usr/share/texmf-dist/tex/latex/oberdiek/epstopdf-base.sty
Package: epstopdf-base 2016/05/15 v2.6 Base part for package epstopdf

(/usr/share/texmf-dist/tex/latex/oberdiek/grfext.sty
Package: grfext 2016/05/16 v1.2 Manage graphics extensions (HO)
)
Package epstopdf-base Info: Redefining graphics rule for `.eps' on input line 4
38.
Package grfext Info: Graphics extension search list:
(grfext)             [.png,.pdf,.jpg,.mps,.jpeg,.jbig2,.jb2,.PNG,.PDF,.JPG,.JPE
G,.JBIG2,.JB2,.eps]
(grfext)             \AppendGraphicsExtensions on input line 456.

(/usr/share/texmf-dist/tex/latex/latexconfig/epstopdf-sys.cfg
File: epstopdf-sys.cfg 2010/07/13 v1.3 Configuration of (r)epstopdf for TeX Liv
e
))
ABD: EveryShipout initializing macros
\AtBeginShipoutBox=\box55
Package hyperref Info: Link coloring OFF on input line 12.

(/usr/share/texmf-dist/tex/latex/hyperref/nameref.sty
Package: nameref 2016/05/21 v2.44 Cross-referencing by name of section

(/usr/share/texmf-dist/tex/generic/oberdiek/gettitlestring.sty
Package: gettitlestring 2016/05/16 v1.5 Cleanup title references (HO)
)
\c@section@level=\count161
)
LaTeX Info: Redefining \ref on input line 12.
LaTeX Info: Redefining \pageref on input line 12.
LaTeX Info: Redefining \nameref on input line 12.
LaTeX Font Info:    Overwriting symbol font `operators' in version `normal'
(Font)                  OT1/cmr/m/n --> OT1/cmss/m/n on input line 12.
LaTeX Font Info:    Overwriting symbol font `operators' in version `bold'
(Font)                  OT1/cmr/bx/n --> OT1/cmss/bx/n on input line 12.
\symnumbers=\mathgroup6
\sympureletters=\mathgroup7
LaTeX Font Info:    Overwriting math alphabet `\mathrm' in version `normal'
(Font)                  OT1/cmss/m/n --> OT1/cmr/m/n on input line 12.
LaTeX Font Info:    Redeclaring math alphabet \mathbf on input line 12.
LaTeX Font Info:    Overwriting math alphabet `\mathbf' in version `normal'
(Font)                  OT1/cmr/bx/n --> OT1/cmss/bx/n on input line 12.
LaTeX Font Info:    Overwriting math alphabet `\mathbf' in version `bold'
(Font)                  OT1/cmr/bx/n --> OT1/cmss/bx/n on input line 12.
LaTeX Font Info:    Redeclaring math alphabet \mathsf on input line 12.
LaTeX Font Info:    Overwriting math alphabet `\mathsf' in version `normal'
(Font)                  OT1/cmss/m/n --> OT1/cmss/m/n on input line 12.
LaTeX Font Info:    Overwriting math alphabet `\mathsf' in version `bold'
(Font)                  OT1/cmss/bx/n --> OT1/cmss/m/n on input line 12.
LaTeX Font Info:    Redeclaring math alphabet \mathit on input line 12.
LaTeX Font Info:    Overwriting math alphabet `\mathit' in version `normal'
(Font)                  OT1/cmr/m/it --> OT1/cmss/m/it on input line 12.
LaTeX Font Info:    Overwriting math alphabet `\mathit' in version `bold'
(Font)                  OT1/cmr/bx/it --> OT1/cmss/m/it on input line 12.
LaTeX Font Info:    Redeclaring math alphabet \mathtt on input line 12.
LaTeX Font Info:    Overwriting math alphabet `\mathtt' in version `normal'
(Font)                  OT1/cmtt/m/n --> OT1/cmtt/m/n on input line 12.
LaTeX Font Info:    Overwriting math alphabet `\mathtt' in version `bold'
(Font)                  OT1/cmtt/m/n --> OT1/cmtt/m/n on input line 12.
LaTeX Font Info:    Overwriting symbol font `numbers' in version `bold'
(Font)                  OT1/cmss/m/n --> OT1/cmss/bx/n on input line 12.
LaTeX Font Info:    Overwriting symbol font `pureletters' in version `bold'
(Font)                  OT1/cmss/m/it --> OT1/cmss/bx/it on input line 12.
LaTeX Font Info:    Overwriting math alphabet `\mathrm' in version `bold'
(Font)                  OT1/cmss/bx/n --> OT1/cmr/bx/n on input line 12.
LaTeX Font Info:    Overwriting math alphabet `\mathbf' in version `bold'
(Font)                  OT1/cmss/bx/n --> OT1/cmss/bx/n on input line 12.
LaTeX Font Info:    Overwriting math alphabet `\mathsf' in version `bold'
(Font)                  OT1/cmss/m/n --> OT1/cmss/bx/n on input line 12.
LaTeX Font Info:    Overwriting math alphabet `\mathit' in version `bold'
(Font)                  OT1/cmss/m/it --> OT1/cmss/bx/it on input line 12.
LaTeX Font Info:    Overwriting math alphabet `\mathtt' in version `bold'
(Font)                  OT1/cmtt/m/n --> OT1/cmtt/bx/n on input line 12.
LaTeX Font Info:    Redeclaring symbol font `pureletters' on input line 12.
LaTeX Font Info:    Overwriting symbol font `pureletters' in version `normal'
(Font)                  OT1/cmss/m/it --> OT1/mathkerncmss/m/sl on input line 1
2.
LaTeX Font Info:    Overwriting symbol font `pureletters' in version `bold'
(Font)                  OT1/cmss/bx/it --> OT1/mathkerncmss/m/sl on input line 
12.
LaTeX Font Info:    Overwriting symbol font `pureletters' in version `bold'
(Font)                  OT1/mathkerncmss/m/sl --> OT1/mathkerncmss/bx/sl on inp
ut line 12.

(/usr/share/texmf-dist/tex/latex/beamer/translator/dicts/translator-basic-dicti
onary/translator-basic-dictionary-English.dict
Dictionary: translator-basic-dictionary, Language: English 
)
(/usr/share/texmf-dist/tex/latex/beamer/translator/dicts/translator-bibliograph
y-dictionary/translator-bibliography-dictionary-English.dict
Dictionary: translator-bibliography-dictionary, Language: English 
)
(/usr/share/texmf-dist/tex/latex/beamer/translator/dicts/translator-environment
-dictionary/translator-environment-dictionary-English.dict
Dictionary: translator-environment-dictionary, Language: English 
)
(/usr/share/texmf-dist/tex/latex/beamer/translator/dicts/translator-months-dict
ionary/translator-months-dictionary-English.dict
Dictionary: translator-months-dictionary, Language: English 
)
(/usr/share/texmf-dist/tex/latex/beamer/translator/dicts/translator-numbers-dic
tionary/translator-numbers-dictionary-English.dict
Dictionary: translator-numbers-dictionary, Language: English 
)
(/usr/share/texmf-dist/tex/latex/beamer/translator/dicts/translator-theorem-dic
tionary/translator-theorem-dictionary-English.dict
Dictionary: translator-theorem-dictionary, Language: English 
)
LaTeX Info: Redefining \includegraphics on input line 12.

 !name(presentation.tex) !offset(-3) 

LaTeX Font Warning: Font shape `OT1/cmss/m/n' in size <4> not available
(Font)              size <5> substituted on input line 64.

! Preview: Snippet 1 started.
<-><->
      
l.74 \end{frame}
                
Not a real error.

LaTeX Font Info:    Try loading font information for OT1+mathkerncmss on input 
line 74.
(/usr/share/texmf-dist/tex/latex/sansmathaccent/ot1mathkerncmss.fd
File: ot1mathkerncmss.fd 2013/03/27 Fontinst v1.933 font definitions for OT1/ma
thkerncmss.
)
Preview: Tightpage -32891 -32891 32891 32891
! Preview: Snippet 1 ended.(538214+179404x1657060).
<-><->
      
l.74 \end{frame}
                
Not a real error.

[1{/var/lib/texmf/fonts/map/pdftex/updmap/pdftex.map}]
! Preview: Snippet 2 started.
<-><->
      
l.74 \end{frame}
                
Not a real error.

! Preview: Snippet 2 ended.(538214+179404x1682453).
<-><->
      
l.74 \end{frame}
                
Not a real error.

[2]
! Preview: Snippet 3 started.
<-><->
      
l.74 \end{frame}
                
Not a real error.

! Preview: Snippet 3 ended.(318941+0x396701).
<-><->
      
l.74 \end{frame}
                
Not a real error.

[3]
! Preview: Snippet 4 started.
<-><->
      
l.74 \end{frame}
                
Not a real error.

! Preview: Snippet 4 ended.(318941+139537x408662).
<-><->
      
l.74 \end{frame}
                
Not a real error.

[4]
! Preview: Snippet 5 started.
<-><->
      
l.74 \end{frame}
                
Not a real error.

! Preview: Snippet 5 ended.(498346+0x584340).
<-><->
      
l.74 \end{frame}
                
Not a real error.

[5]
! Preview: Snippet 6 started.
<-><->
      
l.74 \end{frame}
                
Not a real error.

! Preview: Snippet 6 ended.(819767+0x12228567).
<-><->
      
l.74 \end{frame}
                
Not a real error.

[6]
! Preview: Snippet 7 started.
<-><->
      
l.74 \end{frame}
                
Not a real error.

! Preview: Snippet 7 ended.(538214+179404x1329884).
<-><->
      
l.74 \end{frame}
                
Not a real error.

[7]
! Preview: Snippet 8 started.
<-><->
      
l.85 \end{frame}
                
Not a real error.

! Preview: Snippet 8 ended.(538214+179404x3125384).
<-><->
      
l.85 \end{frame}
                
Not a real error.

[8]
! Preview: Snippet 9 started.
<-><->
      
l.85 \end{frame}
                
Not a real error.

! Preview: Snippet 9 ended.(604482+179404x1892336).
<-><->
      
l.85 \end{frame}
                
Not a real error.

[9]
! Preview: Snippet 10 started.
<-><->
      
l.85 \end{frame}
                
Not a real error.

! Preview: Snippet 10 ended.(498346+0x514570).
<-><->
      
l.85 \end{frame}
                
Not a real error.

[10]
! Preview: Snippet 11 started.
<-><->
      
l.85 \end{frame}
                
Not a real error.

! Preview: Snippet 11 ended.(498346+0x584340).
<-><->
      
l.85 \end{frame}
                
Not a real error.

[11]
! Preview: Snippet 12 started.
<-><->
      
l.85 \end{frame}
                
Not a real error.

! Preview: Snippet 12 ended.(779900+0x13766542).
<-><->
      
l.85 \end{frame}
                
Not a real error.

[12]
! Preview: Snippet 13 started.
<-><->
      
l.85 \end{frame}
                
Not a real error.

! Preview: Snippet 13 ended.(498346+139537x3222665).
<-><->
      
l.85 \end{frame}
                
Not a real error.

[13]
! Preview: Snippet 14 started.
<-><->
      
l.85 \end{frame}
                
Not a real error.

! Preview: Snippet 14 ended.(538214+179404x4577997).
<-><->
      
l.85 \end{frame}
                
Not a real error.

[14]
! Preview: Snippet 15 started.
<-><->
      
l.85 \end{frame}
                
Not a real error.

! Preview: Snippet 15 ended.(538214+179404x3125384).
<-><->
      
l.85 \end{frame}
                
Not a real error.

[15]
! Preview: Snippet 16 started.
<-><->
      
l.85 \end{frame}
                
Not a real error.

! Preview: Snippet 16 ended.(604482+179404x1892336).
<-><->
      
l.85 \end{frame}
                
Not a real error.

[16]
! Preview: Snippet 17 started.
<-><->
      
l.85 \end{frame}
                
Not a real error.

! Preview: Snippet 17 ended.(498346+0x514570).
<-><->
      
l.85 \end{frame}
                
Not a real error.

[17]
! Preview: Snippet 18 started.
<-><->
      
l.85 \end{frame}
                
Not a real error.

! Preview: Snippet 18 ended.(498346+0x584340).
<-><->
      
l.85 \end{frame}
                
Not a real error.

[18]
! Preview: Snippet 19 started.
<-><->
      
l.85 \end{frame}
                
Not a real error.

! Preview: Snippet 19 ended.(779900+0x13766542).
<-><->
      
l.85 \end{frame}
                
Not a real error.

[19]
! Preview: Snippet 20 started.
<-><->
      
l.85 \end{frame}
                
Not a real error.

! Preview: Snippet 20 ended.(498346+139537x3222665).
<-><->
      
l.85 \end{frame}
                
Not a real error.

[20]
! Preview: Snippet 21 started.
<-><->
      
l.85 \end{frame}
                
Not a real error.

! Preview: Snippet 21 ended.(538214+179404x4577997).
<-><->
      
l.85 \end{frame}
                
Not a real error.

[21]
! Preview: Snippet 22 started.
<-><->
      
l.99 \end{frame}
                
Not a real error.

! Preview: Snippet 22 ended.(498346+139537x1419390).
<-><->
      
l.99 \end{frame}
                
Not a real error.

[22]
! Preview: Snippet 23 started.
<-><->
      
l.99 \end{frame}
                
Not a real error.

! Preview: Snippet 23 ended.(498346+0x522973).
<-><->
      
l.99 \end{frame}
                
Not a real error.

[23]
! Preview: Snippet 24 started.
<-><->
      
l.99 \end{frame}
                
Not a real error.

! Preview: Snippet 24 ended.(498346+89702x1977536).
<-><->
      
l.99 \end{frame}
                
Not a real error.

[24]
! Preview: Snippet 25 started.
<-><->
      
l.99 \end{frame}
                
Not a real error.

! Preview: Snippet 25 ended.(498346+0x522973).
<-><->
      
l.99 \end{frame}
                
Not a real error.

[25]
! Preview: Snippet 26 started.
<-><->
      
l.99 \end{frame}
                
Not a real error.

! Preview: Snippet 26 ended.(318941+0x396701).
<-><->
      
l.99 \end{frame}
                
Not a real error.

[26]
! Preview: Snippet 27 started.
<-><->
      
l.99 \end{frame}
                
Not a real error.

<picture3.png, id=181, 167.02745pt x 125.15427pt>
File: picture3.png Graphic file (type png)
 <use picture3.png>
Package pdftex.def Info: picture3.png used on input line 99.
(pdftex.def)             Requested size: 167.02704pt x 125.15395pt.

! Preview: Snippet 27 ended.(8202089+0x10946284).
<-><->
      
l.99 \end{frame}
                
Not a real error.

[27 <./picture3.png>]
! Preview: Snippet 28 started.
<-><->
      
l.99 \end{frame}
                
Not a real error.

! Preview: Snippet 28 ended.(538214+179404x1657060).
<-><->
      
l.99 \end{frame}
                
Not a real error.

[28]
! Preview: Snippet 29 started.
<-><->
      
l.99 \end{frame}
                
Not a real error.

! Preview: Snippet 29 ended.(498346+139537x1419390).
<-><->
      
l.99 \end{frame}
                
Not a real error.

[29]
! Preview: Snippet 30 started.
<-><->
      
l.99 \end{frame}
                
Not a real error.

! Preview: Snippet 30 ended.(498346+0x522973).
<-><->
      
l.99 \end{frame}
                
Not a real error.

[30]
! Preview: Snippet 31 started.
<-><->
      
l.99 \end{frame}
                
Not a real error.

! Preview: Snippet 31 ended.(498346+89702x1977536).
<-><->
      
l.99 \end{frame}
                
Not a real error.

[31]
! Preview: Snippet 32 started.
<-><->
      
l.99 \end{frame}
                
Not a real error.

! Preview: Snippet 32 ended.(498346+0x522973).
<-><->
      
l.99 \end{frame}
                
Not a real error.

[32]
! Preview: Snippet 33 started.
<-><->
      
l.99 \end{frame}
                
Not a real error.

! Preview: Snippet 33 ended.(318941+0x396701).
<-><->
      
l.99 \end{frame}
                
Not a real error.

[33]
! Preview: Snippet 34 started.
<-><->
      
l.99 \end{frame}
                
Not a real error.

File: picture3.png Graphic file (type png)
<use picture3.png>
Package pdftex.def Info: picture3.png used on input line 99.
(pdftex.def)             Requested size: 167.02704pt x 125.15395pt.

! Preview: Snippet 34 ended.(8202089+0x10946284).
<-><->
      
l.99 \end{frame}
                
Not a real error.

[34]
! Preview: Snippet 35 started.
<-><->
      
l.99 \end{frame}
                
Not a real error.

! Preview: Snippet 35 ended.(538214+179404x1657060).
<-><->
      
l.99 \end{frame}
                
Not a real error.

[35]
! Preview: Snippet 36 started.
<-><->
      
l.99 \end{frame}
                
Not a real error.

! Preview: Snippet 36 ended.(498346+139537x1419390).
<-><->
      
l.99 \end{frame}
                
Not a real error.

[36]
! Preview: Snippet 37 started.
<-><->
      
l.99 \end{frame}
                
Not a real error.

! Preview: Snippet 37 ended.(498346+0x522973).
<-><->
      
l.99 \end{frame}
                
Not a real error.

[37]
! Preview: Snippet 38 started.
<-><->
      
l.99 \end{frame}
                
Not a real error.

! Preview: Snippet 38 ended.(498346+89702x1977536).
<-><->
      
l.99 \end{frame}
                
Not a real error.

[38]
! Preview: Snippet 39 started.
<-><->
      
l.99 \end{frame}
                
Not a real error.

! Preview: Snippet 39 ended.(498346+0x522973).
<-><->
      
l.99 \end{frame}
                
Not a real error.

[39]
! Preview: Snippet 40 started.
<-><->
      
l.99 \end{frame}
                
Not a real error.

! Preview: Snippet 40 ended.(318941+0x396701).
<-><->
      
l.99 \end{frame}
                
Not a real error.

[40]
! Preview: Snippet 41 started.
<-><->
      
l.99 \end{frame}
                
Not a real error.

File: picture3.png Graphic file (type png)
<use picture3.png>
Package pdftex.def Info: picture3.png used on input line 99.
(pdftex.def)             Requested size: 167.02704pt x 125.15395pt.

! Preview: Snippet 41 ended.(8202089+0x10946284).
<-><->
      
l.99 \end{frame}
                
Not a real error.

[41]
! Preview: Snippet 42 started.
<-><->
      
l.99 \end{frame}
                
Not a real error.

! Preview: Snippet 42 ended.(538214+179404x1657060).
<-><->
      
l.99 \end{frame}
                
Not a real error.

[42]
! Preview: Snippet 43 started.
<-><->
      
l.109 \end{frame}
                 
Not a real error.

! Preview: Snippet 43 ended.(779900+0x13023507).
<-><->
      
l.109 \end{frame}
                 
Not a real error.

[43]
! Preview: Snippet 44 started.
<-><->
      
l.109 \end{frame}
                 
Not a real error.

! Preview: Snippet 44 ended.(318941+0x383529).
<-><->
      
l.109 \end{frame}
                 
Not a real error.

[44]
! Preview: Snippet 45 started.
<-><->
      
l.109 \end{frame}
                 
Not a real error.

! Preview: Snippet 45 ended.(779900+0x13023507).
<-><->
      
l.109 \end{frame}
                 
Not a real error.

[45]
! Preview: Snippet 46 started.
<-><->
      
l.109 \end{frame}
                 
Not a real error.

! Preview: Snippet 46 ended.(318941+0x383529).
<-><->
      
l.109 \end{frame}
                 
Not a real error.

[46]
! Preview: Snippet 47 started.
<-><->
      
l.123 \end{frame}
                 
Not a real error.

! Preview: Snippet 47 ended.(498346+119603x2099310).
<-><->
      
l.123 \end{frame}
                 
Not a real error.

[47]
! Preview: Snippet 48 started.
<-><->
      
l.123 \end{frame}
                 
Not a real error.

! Preview: Snippet 48 ended.(538214+179404x1630870).
<-><->
      
l.123 \end{frame}
                 
Not a real error.

[48]
! Preview: Snippet 49 started.
<-><->
      
l.123 \end{frame}
                 
Not a real error.

! Preview: Snippet 49 ended.(717618+0x14019049).
<-><->
      
l.123 \end{frame}
                 
Not a real error.

[49]
! Preview: Snippet 50 started.
<-><->
      
l.123 \end{frame}
                 
Not a real error.

! Preview: Snippet 50 ended.(538214+179404x3476747).
<-><->
      
l.123 \end{frame}
                 
Not a real error.

[50]
! Preview: Snippet 51 started.
<-><->
      
l.123 \end{frame}
                 
Not a real error.

! Preview: Snippet 51 ended.(318941+0x322947).
<-><->
      
l.123 \end{frame}
                 
Not a real error.

[51]
! Preview: Snippet 52 started.
<-><->
      
l.123 \end{frame}
                 
Not a real error.

! Preview: Snippet 52 ended.(498346+0x514570).
<-><->
      
l.123 \end{frame}
                 
Not a real error.

[52]
! Preview: Snippet 53 started.
<-><->
      
l.123 \end{frame}
                 
Not a real error.

! Preview: Snippet 53 ended.(538214+179404x3476747).
<-><->
      
l.123 \end{frame}
                 
Not a real error.

[53]
! Preview: Snippet 54 started.
<-><->
      
l.123 \end{frame}
                 
Not a real error.

! Preview: Snippet 54 ended.(318941+0x322947).
<-><->
      
l.123 \end{frame}
                 
Not a real error.

[54]
! Preview: Snippet 55 started.
<-><->
      
l.123 \end{frame}
                 
Not a real error.

! Preview: Snippet 55 ended.(498346+119603x2099310).
<-><->
      
l.123 \end{frame}
                 
Not a real error.

[55]
! Preview: Snippet 56 started.
<-><->
      
l.123 \end{frame}
                 
Not a real error.

! Preview: Snippet 56 ended.(538214+179404x1630870).
<-><->
      
l.123 \end{frame}
                 
Not a real error.

[56]
! Preview: Snippet 57 started.
<-><->
      
l.123 \end{frame}
                 
Not a real error.

! Preview: Snippet 57 ended.(717618+0x14019049).
<-><->
      
l.123 \end{frame}
                 
Not a real error.

[57]
! Preview: Snippet 58 started.
<-><->
      
l.123 \end{frame}
                 
Not a real error.

! Preview: Snippet 58 ended.(538214+179404x3476747).
<-><->
      
l.123 \end{frame}
                 
Not a real error.

[58]
! Preview: Snippet 59 started.
<-><->
      
l.123 \end{frame}
                 
Not a real error.

! Preview: Snippet 59 ended.(318941+0x322947).
<-><->
      
l.123 \end{frame}
                 
Not a real error.

[59]
! Preview: Snippet 60 started.
<-><->
      
l.123 \end{frame}
                 
Not a real error.

! Preview: Snippet 60 ended.(498346+0x514570).
<-><->
      
l.123 \end{frame}
                 
Not a real error.

[60]
! Preview: Snippet 61 started.
<-><->
      
l.123 \end{frame}
                 
Not a real error.

! Preview: Snippet 61 ended.(538214+179404x3476747).
<-><->
      
l.123 \end{frame}
                 
Not a real error.

[61]
! Preview: Snippet 62 started.
<-><->
      
l.123 \end{frame}
                 
Not a real error.

! Preview: Snippet 62 ended.(318941+0x322947).
<-><->
      
l.123 \end{frame}
                 
Not a real error.

[62]
! Preview: Snippet 63 started.
<-><->
      
l.134 \end{frame}
                 
Not a real error.

! Preview: Snippet 63 ended.(318941+0x322947).
<-><->
      
l.134 \end{frame}
                 
Not a real error.

[63]
! Preview: Snippet 64 started.
<-><->
      
l.134 \end{frame}
                 
Not a real error.

! Preview: Snippet 64 ended.(498346+0x514570).
<-><->
      
l.134 \end{frame}
                 
Not a real error.

[64]
! Preview: Snippet 65 started.
<-><->
      
l.134 \end{frame}
                 
Not a real error.

! Preview: Snippet 65 ended.(819767+0x15745222).
<-><->
      
l.134 \end{frame}
                 
Not a real error.

[65]
! Preview: Snippet 66 started.
<-><->
      
l.134 \end{frame}
                 
Not a real error.

! Preview: Snippet 66 ended.(538214+179404x2111289).
<-><->
      
l.134 \end{frame}
                 
Not a real error.

[66]
! Preview: Snippet 67 started.
<-><->
      
l.134 \end{frame}
                 
Not a real error.

! Preview: Snippet 67 ended.(498346+0x514570).
<-><->
      
l.134 \end{frame}
                 
Not a real error.

[67]
! Preview: Snippet 68 started.
<-><->
      
l.134 \end{frame}
                 
Not a real error.

! Preview: Snippet 68 ended.(318941+0x322947).
<-><->
      
l.134 \end{frame}
                 
Not a real error.

[68]
! Preview: Snippet 69 started.
<-><->
      
l.134 \end{frame}
                 
Not a real error.

! Preview: Snippet 69 ended.(498346+0x514570).
<-><->
      
l.134 \end{frame}
                 
Not a real error.

[69]
! Preview: Snippet 70 started.
<-><->
      
l.134 \end{frame}
                 
Not a real error.

! Preview: Snippet 70 ended.(819767+0x15745222).
<-><->
      
l.134 \end{frame}
                 
Not a real error.

[70]
! Preview: Snippet 71 started.
<-><->
      
l.134 \end{frame}
                 
Not a real error.

! Preview: Snippet 71 ended.(538214+179404x2111289).
<-><->
      
l.134 \end{frame}
                 
Not a real error.

[71]
! Preview: Snippet 72 started.
<-><->
      
l.134 \end{frame}
                 
Not a real error.

! Preview: Snippet 72 ended.(498346+0x514570).
<-><->
      
l.134 \end{frame}
                 
Not a real error.

[72]
! Preview: Snippet 73 started.
<-><->
      
l.144 \end{frame}
                 
Not a real error.

! Preview: Snippet 73 ended.(318941+139537x398686).
<-><->
      
l.144 \end{frame}
                 
Not a real error.

[73]
! Preview: Snippet 74 started.
<-><->
      
l.144 \end{frame}
                 
Not a real error.

! Preview: Snippet 74 ended.(498346+0x594306).
<-><->
      
l.144 \end{frame}
                 
Not a real error.

[74]
! Preview: Snippet 75 started.
<-><->
      
l.144 \end{frame}
                 
Not a real error.

! Preview: Snippet 75 ended.(494359+209587x780163).
<-><->
      
l.144 \end{frame}
                 
Not a real error.

[75]
! Preview: Snippet 76 started.
<-><->
      
l.144 \end{frame}
                 
Not a real error.

! Preview: Snippet 76 ended.(498346+0x594306).
<-><->
      
l.144 \end{frame}
                 
Not a real error.

[76]
! Preview: Snippet 77 started.
<-><->
      
l.144 \end{frame}
                 
Not a real error.

! Preview: Snippet 77 ended.(318941+139537x398686).
<-><->
      
l.144 \end{frame}
                 
Not a real error.

[77]
! Preview: Snippet 78 started.
<-><->
      
l.144 \end{frame}
                 
Not a real error.

! Preview: Snippet 78 ended.(2205993+0x15785878).
<-><->
      
l.144 \end{frame}
                 
Not a real error.

[78]
! Preview: Snippet 79 started.
<-><->
      
l.144 \end{frame}
                 
Not a real error.

! Preview: Snippet 79 ended.(498346+0x594306).
<-><->
      
l.144 \end{frame}
                 
Not a real error.

[79]
! Preview: Snippet 80 started.
<-><->
      
l.144 \end{frame}
                 
Not a real error.

! Preview: Snippet 80 ended.(624507+139537x746953).
<-><->
      
l.144 \end{frame}
                 
Not a real error.

[80]
! Preview: Snippet 81 started.
<-><->
      
l.144 \end{frame}
                 
Not a real error.

! Preview: Snippet 81 ended.(318941+139537x398686).
<-><->
      
l.144 \end{frame}
                 
Not a real error.

[81]
! Preview: Snippet 82 started.
<-><->
      
l.144 \end{frame}
                 
Not a real error.

! Preview: Snippet 82 ended.(498346+0x594306).
<-><->
      
l.144 \end{frame}
                 
Not a real error.

[82]
! Preview: Snippet 83 started.
<-><->
      
l.144 \end{frame}
                 
Not a real error.

! Preview: Snippet 83 ended.(494359+209587x780163).
<-><->
      
l.144 \end{frame}
                 
Not a real error.

[83]
! Preview: Snippet 84 started.
<-><->
      
l.144 \end{frame}
                 
Not a real error.

! Preview: Snippet 84 ended.(498346+0x594306).
<-><->
      
l.144 \end{frame}
                 
Not a real error.

[84]
! Preview: Snippet 85 started.
<-><->
      
l.144 \end{frame}
                 
Not a real error.

! Preview: Snippet 85 ended.(318941+139537x398686).
<-><->
      
l.144 \end{frame}
                 
Not a real error.

[85]
! Preview: Snippet 86 started.
<-><->
      
l.144 \end{frame}
                 
Not a real error.

! Preview: Snippet 86 ended.(2205993+0x15785878).
<-><->
      
l.144 \end{frame}
                 
Not a real error.

[86]
! Preview: Snippet 87 started.
<-><->
      
l.144 \end{frame}
                 
Not a real error.

! Preview: Snippet 87 ended.(498346+0x594306).
<-><->
      
l.144 \end{frame}
                 
Not a real error.

[87]
! Preview: Snippet 88 started.
<-><->
      
l.144 \end{frame}
                 
Not a real error.

! Preview: Snippet 88 ended.(624507+139537x746953).
<-><->
      
l.144 \end{frame}
                 
Not a real error.

[88]
! Preview: Snippet 89 started.
<-><->
      
l.160 \end{frame}
                 
Not a real error.

! Preview: Snippet 89 ended.(498346+0x594306).
<-><->
      
l.160 \end{frame}
                 
Not a real error.

[89]
! Preview: Snippet 90 started.
<-><->
      
l.160 \end{frame}
                 
Not a real error.

! Preview: Snippet 90 ended.(538214+277108x4115658).
<-><->
      
l.160 \end{frame}
                 
Not a real error.

[90]
! Preview: Snippet 91 started.
<-><->
      
l.160 \end{frame}
                 
Not a real error.

! Preview: Snippet 91 ended.(3976103+0x20138549).
<-><->
      
l.160 \end{frame}
                 
Not a real error.

[91]
! Preview: Snippet 92 started.
<-><->
      
l.160 \end{frame}
                 
Not a real error.

! Preview: Snippet 92 ended.(498346+0x2318810).
<-><->
      
l.160 \end{frame}
                 
Not a real error.

[92]
! Preview: Snippet 93 started.
<-><->
      
l.160 \end{frame}
                 
Not a real error.

! Preview: Snippet 93 ended.(624507+277108x9365675).
<-><->
      
l.160 \end{frame}
                 
Not a real error.

[93]
! Preview: Snippet 94 started.
<-><->
      
l.160 \end{frame}
                 
Not a real error.

! Preview: Snippet 94 ended.(1587701+0x15831293).
<-><->
      
l.160 \end{frame}
                 
Not a real error.

[94]
! Preview: Snippet 95 started.
<-><->
      
l.160 \end{frame}
                 
Not a real error.

! Preview: Snippet 95 ended.(498346+0x594306).
<-><->
      
l.160 \end{frame}
                 
Not a real error.

[95]
! Preview: Snippet 96 started.
<-><->
      
l.160 \end{frame}
                 
Not a real error.

! Preview: Snippet 96 ended.(538214+277108x4115658).
<-><->
      
l.160 \end{frame}
                 
Not a real error.

[96]
! Preview: Snippet 97 started.
<-><->
      
l.160 \end{frame}
                 
Not a real error.

! Preview: Snippet 97 ended.(3976103+0x20138549).
<-><->
      
l.160 \end{frame}
                 
Not a real error.

[97]
! Preview: Snippet 98 started.
<-><->
      
l.160 \end{frame}
                 
Not a real error.

! Preview: Snippet 98 ended.(498346+0x2318810).
<-><->
      
l.160 \end{frame}
                 
Not a real error.

[98]
! Preview: Snippet 99 started.
<-><->
      
l.160 \end{frame}
                 
Not a real error.

! Preview: Snippet 99 ended.(624507+277108x9365675).
<-><->
      
l.160 \end{frame}
                 
Not a real error.

[99]
! Preview: Snippet 100 started.
<-><->
      
l.160 \end{frame}
                 
Not a real error.

! Preview: Snippet 100 ended.(1587701+0x15831293).
<-><->
      
l.160 \end{frame}
                 
Not a real error.

[100]
! Preview: Snippet 101 started.
<-><->
      
l.172 \end{frame}
                 
Not a real error.

! Preview: Snippet 101 ended.(498346+0x594306).
<-><->
      
l.172 \end{frame}
                 
Not a real error.

[101]
! Preview: Snippet 102 started.
<-><->
      
l.172 \end{frame}
                 
Not a real error.

! Preview: Snippet 102 ended.(498346+0x594306).
<-><->
      
l.172 \end{frame}
                 
Not a real error.

[102]
! Preview: Snippet 103 started.
<-><->
      
l.172 \end{frame}
                 
Not a real error.

! Preview: Snippet 103 ended.(1752477+0x14177183).
<-><->
      
l.172 \end{frame}
                 
Not a real error.

[103]
! Preview: Snippet 104 started.
<-><->
      
l.172 \end{frame}
                 
Not a real error.

! Preview: Snippet 104 ended.(498346+0x594306).
<-><->
      
l.172 \end{frame}
                 
Not a real error.

[104]
! Preview: Snippet 105 started.
<-><->
      
l.172 \end{frame}
                 
Not a real error.

! Preview: Snippet 105 ended.(498346+0x594306).
<-><->
      
l.172 \end{frame}
                 
Not a real error.

[105]
! Preview: Snippet 106 started.
<-><->
      
l.172 \end{frame}
                 
Not a real error.

! Preview: Snippet 106 ended.(498346+0x594306).
<-><->
      
l.172 \end{frame}
                 
Not a real error.

[106]
! Preview: Snippet 107 started.
<-><->
      
l.172 \end{frame}
                 
Not a real error.

! Preview: Snippet 107 ended.(1752477+0x14177183).
<-><->
      
l.172 \end{frame}
                 
Not a real error.

[107]
! Preview: Snippet 108 started.
<-><->
      
l.172 \end{frame}
                 
Not a real error.

! Preview: Snippet 108 ended.(498346+0x594306).
<-><->
      
l.172 \end{frame}
                 
Not a real error.

[108]
! Preview: Snippet 109 started.
<-><->
      
l.182 \end{frame}
                 
Not a real error.

! Preview: Snippet 109 ended.(498346+0x594306).
<-><->
      
l.182 \end{frame}
                 
Not a real error.

[109]
! Preview: Snippet 110 started.
<-><->
      
l.182 \end{frame}
                 
Not a real error.

! Preview: Snippet 110 ended.(1954887+0x14523722).
<-><->
      
l.182 \end{frame}
                 
Not a real error.

[110]
! Preview: Snippet 111 started.
<-><->
      
l.182 \end{frame}
                 
Not a real error.

! Preview: Snippet 111 ended.(498346+0x2318810).
<-><->
      
l.182 \end{frame}
                 
Not a real error.

[111]
! Preview: Snippet 112 started.
<-><->
      
l.182 \end{frame}
                 
Not a real error.

! Preview: Snippet 112 ended.(717618+0x15413295).
<-><->
      
l.182 \end{frame}
                 
Not a real error.

[112]
! Preview: Snippet 113 started.
<-><->
      
l.182 \end{frame}
                 
Not a real error.

! Preview: Snippet 113 ended.(498346+0x594306).
<-><->
      
l.182 \end{frame}
                 
Not a real error.

[113]
! Preview: Snippet 114 started.
<-><->
      
l.182 \end{frame}
                 
Not a real error.

! Preview: Snippet 114 ended.(1954887+0x14523722).
<-><->
      
l.182 \end{frame}
                 
Not a real error.

[114]
! Preview: Snippet 115 started.
<-><->
      
l.182 \end{frame}
                 
Not a real error.

! Preview: Snippet 115 ended.(498346+0x2318810).
<-><->
      
l.182 \end{frame}
                 
Not a real error.

[115]
! Preview: Snippet 116 started.
<-><->
      
l.182 \end{frame}
                 
Not a real error.

! Preview: Snippet 116 ended.(717618+0x15413295).
<-><->
      
l.182 \end{frame}
                 
Not a real error.

[116]
! Preview: Snippet 117 started.
<-><->
      
l.190 \end{frame}
                 
Not a real error.

! Preview: Snippet 117 ended.(498346+107642x757717).
<-><->
      
l.190 \end{frame}
                 
Not a real error.

[117]
! Preview: Snippet 118 started.
<-><->
      
l.190 \end{frame}
                 
Not a real error.

! Preview: Snippet 118 ended.(2062346+0x15679441).
<-><->
      
l.190 \end{frame}
                 
Not a real error.

[118]
! Preview: Snippet 119 started.
<-><->
      
l.190 \end{frame}
                 
Not a real error.

! Preview: Snippet 119 ended.(318941+209587x1137584).
<-><->
      
l.190 \end{frame}
                 
Not a real error.

[119]
! Preview: Snippet 120 started.
<-><->
      
l.190 \end{frame}
                 
Not a real error.

! Preview: Snippet 120 ended.(318941+0x383529).
<-><->
      
l.190 \end{frame}
                 
Not a real error.

[120]
! Preview: Snippet 121 started.
<-><->
      
l.190 \end{frame}
                 
Not a real error.

! Preview: Snippet 121 ended.(318941+139537x398686).
<-><->
      
l.190 \end{frame}
                 
Not a real error.

[121]
! Preview: Snippet 122 started.
<-><->
      
l.202 \end{frame}
                 
Not a real error.

! Preview: Snippet 122 ended.(498346+0x544471).
<-><->
      
l.202 \end{frame}
                 
Not a real error.

[122]
! Preview: Snippet 123 started.
<-><->
      
l.202 \end{frame}
                 
Not a real error.

! Preview: Snippet 123 ended.(819767+0x15645552).
<-><->
      
l.202 \end{frame}
                 
Not a real error.

[123]
! Preview: Snippet 124 started.
<-><->
      
l.202 \end{frame}
                 
Not a real error.

! Preview: Snippet 124 ended.(498346+0x514570).
<-><->
      
l.202 \end{frame}
                 
Not a real error.

[124]
! Preview: Snippet 125 started.
<-><->
      
l.202 \end{frame}
                 
Not a real error.

! Preview: Snippet 125 ended.(2022662+0x14119058).
<-><->
      
l.202 \end{frame}
                 
Not a real error.

[125]
! Preview: Snippet 126 started.
<-><->
      
l.202 \end{frame}
                 
Not a real error.

! Preview: Snippet 126 ended.(498346+0x544471).
<-><->
      
l.202 \end{frame}
                 
Not a real error.

[126]
! Preview: Snippet 127 started.
<-><->
      
l.202 \end{frame}
                 
Not a real error.

! Preview: Snippet 127 ended.(819767+0x15645552).
<-><->
      
l.202 \end{frame}
                 
Not a real error.

[127]
! Preview: Snippet 128 started.
<-><->
      
l.202 \end{frame}
                 
Not a real error.

! Preview: Snippet 128 ended.(498346+0x514570).
<-><->
      
l.202 \end{frame}
                 
Not a real error.

[128]
! Preview: Snippet 129 started.
<-><->
      
l.202 \end{frame}
                 
Not a real error.

! Preview: Snippet 129 ended.(2022662+0x14119058).
<-><->
      
l.202 \end{frame}
                 
Not a real error.

[129]
! Preview: Snippet 130 started.
<-><->
      
l.215 \end{frame}
                 
Not a real error.

! Preview: Snippet 130 ended.(538214+179404x2187026).
<-><->
      
l.215 \end{frame}
                 
Not a real error.

[130]
! Preview: Snippet 131 started.
<-><->
      
l.215 \end{frame}
                 
Not a real error.

! Preview: Snippet 131 ended.(498346+0x514570).
<-><->
      
l.215 \end{frame}
                 
Not a real error.

[131]
! Preview: Snippet 132 started.
<-><->
      
l.215 \end{frame}
                 
Not a real error.

! Preview: Snippet 132 ended.(2152878+0x17034200).
<-><->
      
l.215 \end{frame}
                 
Not a real error.

[132]
! Preview: Snippet 133 started.
<-><->
      
l.215 \end{frame}
                 
Not a real error.

! Preview: Snippet 133 ended.(538214+179404x2187026).
<-><->
      
l.215 \end{frame}
                 
Not a real error.

[133]
! Preview: Snippet 134 started.
<-><->
      
l.215 \end{frame}
                 
Not a real error.

! Preview: Snippet 134 ended.(498346+0x514570).
<-><->
      
l.215 \end{frame}
                 
Not a real error.

[134]
! Preview: Snippet 135 started.
<-><->
      
l.215 \end{frame}
                 
Not a real error.

! Preview: Snippet 135 ended.(2152878+0x17034200).
<-><->
      
l.215 \end{frame}
                 
Not a real error.

[135]
! Preview: Snippet 136 started.
<-><->
      
l.227 \end{frame}
                 
Not a real error.

! Preview: Snippet 136 ended.(498346+0x514570).
<-><->
      
l.227 \end{frame}
                 
Not a real error.

[136]
! Preview: Snippet 137 started.
<-><->
      
l.227 \end{frame}
                 
Not a real error.

! Preview: Snippet 137 ended.(498346+0x514570).
<-><->
      
l.227 \end{frame}
                 
Not a real error.

[137]
! Preview: Snippet 138 started.
<-><->
      
l.227 \end{frame}
                 
Not a real error.

! Preview: Snippet 138 ended.(752259+0x12927483).
<-><->
      
l.227 \end{frame}
                 
Not a real error.

[138]
! Preview: Snippet 139 started.
<-><->
      
l.227 \end{frame}
                 
Not a real error.

! Preview: Snippet 139 ended.(498346+139537x3103233).
<-><->
      
l.227 \end{frame}
                 
Not a real error.

[139]
! Preview: Snippet 140 started.
<-><->
      
l.227 \end{frame}
                 
Not a real error.

! Preview: Snippet 140 ended.(746748+387940x2828478).
<-><->
      
l.227 \end{frame}
                 
Not a real error.

[140]
! Preview: Snippet 141 started.
<-><->
      
l.227 \end{frame}
                 
Not a real error.

! Preview: Snippet 141 ended.(538214+179404x757489).
<-><->
      
l.227 \end{frame}
                 
Not a real error.

[141]
! Preview: Snippet 142 started.
<-><->
      
l.227 \end{frame}
                 
Not a real error.

! Preview: Snippet 142 ended.(538214+179404x1630870).
<-><->
      
l.227 \end{frame}
                 
Not a real error.

[142]
! Preview: Snippet 143 started.
<-><->
      
l.227 \end{frame}
                 
Not a real error.

! Preview: Snippet 143 ended.(498346+0x514570).
<-><->
      
l.227 \end{frame}
                 
Not a real error.

[143]
! Preview: Snippet 144 started.
<-><->
      
l.227 \end{frame}
                 
Not a real error.

! Preview: Snippet 144 ended.(498346+0x514570).
<-><->
      
l.227 \end{frame}
                 
Not a real error.

[144]
! Preview: Snippet 145 started.
<-><->
      
l.227 \end{frame}
                 
Not a real error.

! Preview: Snippet 145 ended.(752259+0x12927483).
<-><->
      
l.227 \end{frame}
                 
Not a real error.

[145]
! Preview: Snippet 146 started.
<-><->
      
l.227 \end{frame}
                 
Not a real error.

! Preview: Snippet 146 ended.(498346+139537x3103233).
<-><->
      
l.227 \end{frame}
                 
Not a real error.

[146]
! Preview: Snippet 147 started.
<-><->
      
l.227 \end{frame}
                 
Not a real error.

! Preview: Snippet 147 ended.(746748+387940x2828478).
<-><->
      
l.227 \end{frame}
                 
Not a real error.

[147]
! Preview: Snippet 148 started.
<-><->
      
l.227 \end{frame}
                 
Not a real error.

! Preview: Snippet 148 ended.(538214+179404x757489).
<-><->
      
l.227 \end{frame}
                 
Not a real error.

[148]
! Preview: Snippet 149 started.
<-><->
      
l.227 \end{frame}
                 
Not a real error.

! Preview: Snippet 149 ended.(538214+179404x1630870).
<-><->
      
l.227 \end{frame}
                 
Not a real error.

[149]
! Preview: Snippet 150 started.
<-><->
      
l.237 \end{frame}
                 
Not a real error.

! Preview: Snippet 150 ended.(498346+0x514570).
<-><->
      
l.237 \end{frame}
                 
Not a real error.

[150]
! Preview: Snippet 151 started.
<-><->
      
l.237 \end{frame}
                 
Not a real error.

! Preview: Snippet 151 ended.(1765619+0x12462716).
<-><->
      
l.237 \end{frame}
                 
Not a real error.

[151]
! Preview: Snippet 152 started.
<-><->
      
l.237 \end{frame}
                 
Not a real error.

! Preview: Snippet 152 ended.(498346+107642x757717).
<-><->
      
l.237 \end{frame}
                 
Not a real error.

[152]
! Preview: Snippet 153 started.
<-><->
      
l.237 \end{frame}
                 
Not a real error.

! Preview: Snippet 153 ended.(1623295+0x12008735).
<-><->
      
l.237 \end{frame}
                 
Not a real error.

[153]
! Preview: Snippet 154 started.
<-><->
      
l.237 \end{frame}
                 
Not a real error.

! Preview: Snippet 154 ended.(646638+411533x7284963).
<-><->
      
l.237 \end{frame}
                 
Not a real error.

[154]
! Preview: Snippet 155 started.
<-><->
      
l.248 \end{frame}
                 
Not a real error.

! Preview: Snippet 155 ended.(538214+209587x1733279).
<-><->
      
l.248 \end{frame}
                 
Not a real error.

[155]
! Preview: Snippet 156 started.
<-><->
      
l.248 \end{frame}
                 
Not a real error.

! Preview: Snippet 156 ended.(498346+0x514570).
<-><->
      
l.248 \end{frame}
                 
Not a real error.

[156]
! Preview: Snippet 157 started.
<-><->
      
l.248 \end{frame}
                 
Not a real error.

! Preview: Snippet 157 ended.(498346+0x514570).
<-><->
      
l.248 \end{frame}
                 
Not a real error.

[157]
! Preview: Snippet 158 started.
<-><->
      
l.248 \end{frame}
                 
Not a real error.

! Preview: Snippet 158 ended.(819767+0x12128897).
<-><->
      
l.248 \end{frame}
                 
Not a real error.

[158]
! Preview: Snippet 159 started.
<-><->
      
l.248 \end{frame}
                 
Not a real error.

! Preview: Snippet 159 ended.(538214+179404x1329884).
<-><->
      
l.248 \end{frame}
                 
Not a real error.

[159]
! Preview: Snippet 160 started.
<-><->
      
l.248 \end{frame}
                 
Not a real error.

! Preview: Snippet 160 ended.(494359+209587x780163).
<-><->
      
l.248 \end{frame}
                 
Not a real error.

[160]
! Preview: Snippet 161 started.
<-><->
      
l.248 \end{frame}
                 
Not a real error.

! Preview: Snippet 161 ended.(498346+0x514570).
<-><->
      
l.248 \end{frame}
                 
Not a real error.

[161]
! Preview: Snippet 162 started.
<-><->
      
l.248 \end{frame}
                 
Not a real error.

! Preview: Snippet 162 ended.(318941+139537x398686).
<-><->
      
l.248 \end{frame}
                 
Not a real error.

[162]
! Preview: Snippet 163 started.
<-><->
      
l.248 \end{frame}
                 
Not a real error.

! Preview: Snippet 163 ended.(747801+0x12369297).
<-><->
      
l.248 \end{frame}
                 
Not a real error.

[163]
! Preview: Snippet 164 started.
<-><->
      
l.248 \end{frame}
                 
Not a real error.

! Preview: Snippet 164 ended.(318941+139537x398686).
<-><->
      
l.248 \end{frame}
                 
Not a real error.

[164]
! Preview: Snippet 165 started.
<-><->
      
l.264 \end{frame}
                 
Not a real error.

! Preview: Snippet 165 ended.(538214+179404x3923267).
<-><->
      
l.264 \end{frame}
                 
Not a real error.

[165]
! Preview: Snippet 166 started.
<-><->
      
l.264 \end{frame}
                 
Not a real error.

! Preview: Snippet 166 ended.(538214+209587x2427071).
<-><->
      
l.264 \end{frame}
                 
Not a real error.

[166]
! Preview: Snippet 167 started.
<-><->
      
l.264 \end{frame}
                 
Not a real error.

! Preview: Snippet 167 ended.(538214+179404x1682453).
<-><->
      
l.264 \end{frame}
                 
Not a real error.

[167]
! Preview: Snippet 168 started.
<-><->
      
l.264 \end{frame}
                 
Not a real error.

! Preview: Snippet 168 ended.(538214+209587x1852883).
<-><->
      
l.264 \end{frame}
                 
Not a real error.

[168]
! Preview: Snippet 169 started.
<-><->
      
l.264 \end{frame}
                 
Not a real error.

! Preview: Snippet 169 ended.(494359+209587x899767).
<-><->
      
l.264 \end{frame}
                 
Not a real error.

[169]
! Preview: Snippet 170 started.
<-><->
      
l.264 \end{frame}
                 
Not a real error.

! Preview: Snippet 170 ended.(747801+0x12639775).
<-><->
      
l.264 \end{frame}
                 
Not a real error.

[170]
! Preview: Snippet 171 started.
<-><->
      
l.264 \end{frame}
                 
Not a real error.

! Preview: Snippet 171 ended.(538214+209587x2283787).
<-><->
      
l.264 \end{frame}
                 
Not a real error.

[171]
! Preview: Snippet 172 started.
<-><->
      
l.264 \end{frame}
                 
Not a real error.

! Preview: Snippet 172 ended.(747801+0x12982849).
<-><->
      
l.264 \end{frame}
                 
Not a real error.

[172]
! Preview: Snippet 173 started.
<-><->
      
l.264 \end{frame}
                 
Not a real error.

! Preview: Snippet 173 ended.(538214+179404x3923267).
<-><->
      
l.264 \end{frame}
                 
Not a real error.

[173]
! Preview: Snippet 174 started.
<-><->
      
l.264 \end{frame}
                 
Not a real error.

! Preview: Snippet 174 ended.(538214+209587x2427071).
<-><->
      
l.264 \end{frame}
                 
Not a real error.

[174]
! Preview: Snippet 175 started.
<-><->
      
l.264 \end{frame}
                 
Not a real error.

! Preview: Snippet 175 ended.(538214+179404x1682453).
<-><->
      
l.264 \end{frame}
                 
Not a real error.

[175]
! Preview: Snippet 176 started.
<-><->
      
l.264 \end{frame}
                 
Not a real error.

! Preview: Snippet 176 ended.(538214+209587x1852883).
<-><->
      
l.264 \end{frame}
                 
Not a real error.

[176]
! Preview: Snippet 177 started.
<-><->
      
l.264 \end{frame}
                 
Not a real error.

! Preview: Snippet 177 ended.(494359+209587x899767).
<-><->
      
l.264 \end{frame}
                 
Not a real error.

[177]
! Preview: Snippet 178 started.
<-><->
      
l.264 \end{frame}
                 
Not a real error.

! Preview: Snippet 178 ended.(747801+0x12639775).
<-><->
      
l.264 \end{frame}
                 
Not a real error.

[178]
! Preview: Snippet 179 started.
<-><->
      
l.264 \end{frame}
                 
Not a real error.

! Preview: Snippet 179 ended.(538214+209587x2283787).
<-><->
      
l.264 \end{frame}
                 
Not a real error.

[179]
! Preview: Snippet 180 started.
<-><->
      
l.264 \end{frame}
                 
Not a real error.

! Preview: Snippet 180 ended.(747801+0x12982849).
<-><->
      
l.264 \end{frame}
                 
Not a real error.

[180]
! Preview: Snippet 181 started.
<-><->
      
l.264 \end{frame}
                 
Not a real error.

! Preview: Snippet 181 ended.(538214+179404x3923267).
<-><->
      
l.264 \end{frame}
                 
Not a real error.

[181]
! Preview: Snippet 182 started.
<-><->
      
l.264 \end{frame}
                 
Not a real error.

! Preview: Snippet 182 ended.(538214+209587x2427071).
<-><->
      
l.264 \end{frame}
                 
Not a real error.

[182]
! Preview: Snippet 183 started.
<-><->
      
l.264 \end{frame}
                 
Not a real error.

! Preview: Snippet 183 ended.(538214+179404x1682453).
<-><->
      
l.264 \end{frame}
                 
Not a real error.

[183]
! Preview: Snippet 184 started.
<-><->
      
l.264 \end{frame}
                 
Not a real error.

! Preview: Snippet 184 ended.(538214+209587x1852883).
<-><->
      
l.264 \end{frame}
                 
Not a real error.

[184]
! Preview: Snippet 185 started.
<-><->
      
l.264 \end{frame}
                 
Not a real error.

! Preview: Snippet 185 ended.(494359+209587x899767).
<-><->
      
l.264 \end{frame}
                 
Not a real error.

[185]
! Preview: Snippet 186 started.
<-><->
      
l.264 \end{frame}
                 
Not a real error.

! Preview: Snippet 186 ended.(747801+0x12639775).
<-><->
      
l.264 \end{frame}
                 
Not a real error.

[186]
! Preview: Snippet 187 started.
<-><->
      
l.264 \end{frame}
                 
Not a real error.

! Preview: Snippet 187 ended.(538214+209587x2283787).
<-><->
      
l.264 \end{frame}
                 
Not a real error.

[187]
! Preview: Snippet 188 started.
<-><->
      
l.264 \end{frame}
                 
Not a real error.

! Preview: Snippet 188 ended.(747801+0x12982849).
<-><->
      
l.264 \end{frame}
                 
Not a real error.

[188])
Runaway argument?
\frametitle {Tamagawa Numbers} The Tamagawa Numbers $c_p$ of $E$ are \ETC.
! File ended while scanning use of \frame.
<inserted text> 
                \par 
<*> &prv_presentation _region_.tex
                                  
I suspect you have forgotten a `}', causing me
to read past where you wanted me to stop.
I'll try to recover; but if the error is serious,
you'd better type `E' or `X' now and fix your file.

! Emergency stop.
<*> &prv_presentation _region_.tex
                                  
*** (job aborted, no legal \end found)

 
Here is how much of TeX's memory you used:
 1371 strings out of 477341
 26538 string characters out of 5846780
 392219 words of memory out of 5000000
 20164 multiletter control sequences out of 15000+600000
 12421 words of font info for 45 fonts, out of 8000000 for 9000
 1141 hyphenation exceptions out of 8191
 42i,19n,46p,189b,557s stack positions out of 5000i,500n,10000p,200000b,80000s
!  ==> Fatal error occurred, no output PDF file produced!
