\BOOKMARK [0][-]{chapter.1}{Introduction}{}% 1
\BOOKMARK [0][-]{chapter.2}{Elliptic Curve Invariants and the BSD Conjecture}{}% 2
\BOOKMARK [1][-]{section.2.1}{Basic definitions and the group law}{chapter.2}% 3
\BOOKMARK [1][-]{section.2.2}{Local Zeta Functions}{chapter.2}% 4
\BOOKMARK [1][-]{section.2.3}{The Hasse-Weil L-function}{chapter.2}% 5
\BOOKMARK [1][-]{section.2.4}{The Regulator}{chapter.2}% 6
\BOOKMARK [1][-]{section.2.5}{The Real Period and Sha}{chapter.2}% 7
\BOOKMARK [1][-]{section.2.6}{Tamagawa Numbers}{chapter.2}% 8
\BOOKMARK [1][-]{section.2.7}{The BSD Conjecture and Tunnell's Theorem}{chapter.2}% 9
\BOOKMARK [0][-]{chapter.3}{Modular Forms}{}% 10
\BOOKMARK [1][-]{section.3.1}{Lattices and Modular points}{chapter.3}% 11
\BOOKMARK [1][-]{section.3.2}{Modular Functions}{chapter.3}% 12
\BOOKMARK [1][-]{section.3.3}{Forms of Half-integral Weight}{chapter.3}% 13
\BOOKMARK [1][-]{section.3.4}{The Shimura Correspondence and Tunnell's Theorem}{chapter.3}% 14
\BOOKMARK [0][-]{chapter.4}{Galois Cohomology}{}% 15
\BOOKMARK [1][-]{section.4.1}{Group Cohmology}{chapter.4}% 16
\BOOKMARK [1][-]{section.4.2}{Galois Cohomology}{chapter.4}% 17
\BOOKMARK [1][-]{section.4.3}{Applications to Elliptic Curves}{chapter.4}% 18
\BOOKMARK [1][-]{section.4.4}{The Selmer and Tate-Shafarevich Groups}{chapter.4}% 19
\BOOKMARK [0][-]{chapter.5}{Calculations}{}% 20
\BOOKMARK [1][-]{section.5.1}{Introduction}{chapter.5}% 21
\BOOKMARK [1][-]{section.5.2}{Coefficients of Theta Series}{chapter.5}% 22
\BOOKMARK [1][-]{section.5.3}{Selmer Group}{chapter.5}% 23
\BOOKMARK [2][-]{subsection.5.3.1}{l-adic case}{section.5.3}% 24
\BOOKMARK [2][-]{subsection.5.3.2}{p-adic case}{section.5.3}% 25
\BOOKMARK [2][-]{subsection.5.3.3}{2-adic case}{section.5.3}% 26
\BOOKMARK [1][-]{section.5.4}{Tamagawa Numbers}{chapter.5}% 27
\BOOKMARK [0][-]{chapter.6}{Conclusion}{}% 28
\BOOKMARK [0][-]{chapter*.2}{Bibliography}{}% 29
