This is pdfTeX, Version 3.14159265-2.6-1.40.17 (TeX Live 2016/Arch Linux) (preloaded format=prv_galois 2017.1.14)  14 JAN 2017 20:23
entering extended mode
 restricted \write18 enabled.
 %&-line parsing enabled.
**&prv_galois _region_.tex
(./_region_.tex
LaTeX2e <2016/03/31> patch level 3
Babel <3.9r> and hyphenation patterns for 83 language(s) loaded.
CUSTOMISED FORMAT. Preloaded files:
        .
  amsart.cls    2015/03/04 v2.20.2
 amsmath.sty    2016/06/28 v2.15d AMS math features
 amstext.sty    2000/06/29 v2.01 AMS text
  amsgen.sty    1999/11/30 v2.0 generic functions
  amsbsy.sty    1999/11/29 v1.2d Bold Symbols
  amsopn.sty    2016/03/08 v2.02 operator names
    umsa.fd    2013/01/14 v3.01 AMS symbols A
amsfonts.sty    2013/01/14 v3.01 Basic AMSFonts support
 amssymb.sty    2013/01/14 v3.01 AMS font symbols
   color.sty    2016/07/10 v1.1e Standard LaTeX Color (DPC)
   color.cfg    2016/01/02 v1.6 sample color configuration
  pdftex.def    2016/07/10 v0.06j Graphics/color for pdfTeX
infwarerr.sty    2016/05/16 v1.4 Providing info/warning/error messages (HO)
 ltxcmds.sty    2016/05/16 v1.23 LaTeX kernel commands for general use (HO)
  dsfont.sty    1995/08/01 v0.1 Double stroke roman fonts
hyperref.sty    2016/06/24 v6.83q Hypertext links for LaTeX
hobsub-hyperref.sty    2016/05/16 v1.14 Bundle oberdiek, subset hyperref (HO)
hobsub-generic.sty    2016/05/16 v1.14 Bundle oberdiek, subset generic (HO)
  hobsub.sty    2016/05/16 v1.14 Construct package bundles (HO)
ifluatex.sty    2016/05/16 v1.4 Provides the ifluatex switch (HO)
  ifvtex.sty    2016/05/16 v1.6 Detect VTeX and its facilities (HO)
 intcalc.sty    2016/05/16 v1.2 Expandable calculations with integers (HO)
   ifpdf.sty    2016/05/14 v3.1 Provides the ifpdf switch
etexcmds.sty    2016/05/16 v1.6 Avoid name clashes with e-TeX commands (HO)
kvsetkeys.sty    2016/05/16 v1.17 Key value parser (HO)
kvdefinekeys.sty    2016/05/16 v1.4 Define keys (HO)
pdftexcmds.sty    2016/05/21 v0.22 Utility functions of pdfTeX for LuaTeX (HO)
pdfescape.sty    2016/05/16 v1.14 Implements pdfTeX's escape features (HO)
bigintcalc.sty    2016/05/16 v1.4 Expandable calculations on big integers (HO)
  bitset.sty    2016/05/16 v1.2 Handle bit-vector datatype (HO)
uniquecounter.sty    2016/05/16 v1.3 Provide unlimited unique counter (HO)
letltxmacro.sty    2016/05/16 v1.5 Let assignment for LaTeX macros (HO)
 hopatch.sty    2016/05/16 v1.3 Wrapper for package hooks (HO)
xcolor-patch.sty    2016/05/16 xcolor patch
atveryend.sty    2016/05/16 v1.9 Hooks at the very end of document (HO)
atbegshi.sty    2016/06/09 v1.18 At begin shipout hook (HO)
refcount.sty    2016/05/16 v3.5 Data extraction from label references (HO)
 hycolor.sty    2016/05/16 v1.8 Color options for hyperref/bookmark (HO)
  keyval.sty    2014/10/28 v1.15 key=value parser (DPC)
 ifxetex.sty    2010/09/12 v0.6 Provides ifxetex conditional
 auxhook.sty    2016/05/16 v1.4 Hooks for auxiliary files (HO)
kvoptions.sty    2016/05/16 v3.12 Key value format for package options (HO)
  pd1enc.def    2016/06/24 v6.83q Hyperref: PDFDocEncoding definition (HO)
hyperref.cfg    2002/06/06 v1.2 hyperref configuration of TeXLive
     url.sty    2013/09/16  ver 3.4  Verb mode for urls, etc.
 hpdftex.def    2016/06/24 v6.83q Hyperref driver for pdfTeX
rerunfilecheck.sty    2016/05/16 v1.8 Rerun checks for auxiliary files (HO)
 amsrefs.sty    2013/03/07 v2.14
pcatcode.sty    2002/04/16 v1.04
ifoption.sty    2002/03/04 v1.02
 rkeyval.sty    2004/05/05 v1.08
textcmds.sty    2012/08/02 v2.00
mathscinet.sty    2002/04/17 v1.05
    umsa.fd    2013/01/14 v3.01 AMS symbols A
    umsb.fd    2013/01/14 v3.01 AMS symbols B
        .
No file _region_.aux.
LaTeX Font Info:    Checking defaults for OML/cmm/m/it on input line 58.
LaTeX Font Info:    ... okay on input line 58.
LaTeX Font Info:    Checking defaults for T1/cmr/m/n on input line 58.
LaTeX Font Info:    ... okay on input line 58.
LaTeX Font Info:    Checking defaults for OT1/cmr/m/n on input line 58.
LaTeX Font Info:    ... okay on input line 58.
LaTeX Font Info:    Checking defaults for OMS/cmsy/m/n on input line 58.
LaTeX Font Info:    ... okay on input line 58.
LaTeX Font Info:    Checking defaults for OMX/cmex/m/n on input line 58.
LaTeX Font Info:    ... okay on input line 58.
LaTeX Font Info:    Checking defaults for U/cmr/m/n on input line 58.
LaTeX Font Info:    ... okay on input line 58.
LaTeX Font Info:    Checking defaults for PD1/pdf/m/n on input line 58.
LaTeX Font Info:    ... okay on input line 58.
(/home/felipe/.emacs.d/elpa/auctex-11.89.7/latex/preview.sty
Package: preview 2010/02/14 11.89 (AUCTeX/preview-latex)

(/home/felipe/.emacs.d/elpa/auctex-11.89.7/latex/prtightpage.def
\PreviewBorder=\dimen119
)
(/home/felipe/.emacs.d/elpa/auctex-11.89.7/latex/prauctex.def
No auxiliary output files.


\hbadness=\count115
\hfuzz=\dimen120
(/home/felipe/.emacs.d/elpa/auctex-11.89.7/latex/prauctex.cfg))
(/home/felipe/.emacs.d/elpa/auctex-11.89.7/latex/prfootnotes.def)
\pr@snippet=\count116
\pr@box=\box29
\pr@output=\toks28

Preview: Fontsize 10.95pt
Preview: PDFoutput 1
) (/usr/share/texmf-dist/tex/context/base/mkii/supp-pdf.mkii
[Loading MPS to PDF converter (version 2006.09.02).]
\scratchcounter=\count117
\scratchdimen=\dimen121
\scratchbox=\box30
\nofMPsegments=\count118
\nofMParguments=\count119
\everyMPshowfont=\toks29
\MPscratchCnt=\count120
\MPscratchDim=\dimen122
\MPnumerator=\count121
\makeMPintoPDFobject=\count122
\everyMPtoPDFconversion=\toks30
)
\AtBeginShipoutBox=\box31
Package hyperref Info: Link coloring OFF on input line 58.
 (/usr/share/texmf-dist/tex/latex/hyperref/nameref.sty
Package: nameref 2016/05/21 v2.44 Cross-referencing by name of section

(/usr/share/texmf-dist/tex/generic/oberdiek/gettitlestring.sty
Package: gettitlestring 2016/05/16 v1.5 Cleanup title references (HO)
)
\c@section@level=\count123
)
LaTeX Info: Redefining \ref on input line 58.
LaTeX Info: Redefining \pageref on input line 58.
LaTeX Info: Redefining \nameref on input line 58.

 !name(galois.tex) !offset(86) 
! Preview: Snippet 1 started.
<-><->
      
l.61 \section
             {Applications to Elliptic Curves}
Not a real error.

Preview: Tightpage -32891 -32891 32891 32891
! Preview: Snippet 1 ended.(490372+0x23592960).
<-><->
      
l.61 \section{Applications to Elliptic Curves}
                                              
Not a real error.

[1{/var/lib/texmf/fonts/map/pdftex/updmap/pdftex.map}

]
! Preview: Snippet 2 started.
<-><->
      
l.63 the rank of an elliptic curve over $
                                         \QQ$ is finite, is the study of the...

Not a real error.

! Preview: Snippet 2 ended.(494359+119603x558150).
<-><->
      
l.63 the rank of an elliptic curve over $\QQ$
                                              is finite, is the study of the...

Not a real error.

[2]
! Preview: Snippet 3 started.
<-><->
      
l.64 of the quotient $
                      E(\QQ) / 2 E(\QQ)$. In curves with at least one 2-torsion

Not a real error.

! Preview: Snippet 3 ended.(538214+179404x4092430).
<-><->
      
l.64 of the quotient $E(\QQ) / 2 E(\QQ)$
                                        . In curves with at least one 2-torsion

Not a real error.

[3]
! Preview: Snippet 4 started.
<-><->
      
l.67 Let $
          $E : y^2 = x^3 + ax^2 + bx$$ be an elliptic curve over $\QQ$. We k...

Not a real error.

! Preview: Snippet 4 ended.(991505+0x23592960).
<-><->
      
l.67 Let $$E : y^2 = x^3 + ax^2 + bx$$
                                       be an elliptic curve over $\QQ$. We k...

Not a real error.

[4]
! Preview: Snippet 5 started.
<-><->
      
l.67 ... + ax^2 + bx$$ be an elliptic curve over $
                                                  \QQ$. We know $E$
Not a real error.

! Preview: Snippet 5 ended.(494359+119603x558150).
<-><->
      
l.67 ...x^2 + bx$$ be an elliptic curve over $\QQ$
                                                  . We know $E$
Not a real error.

[5]
! Preview: Snippet 6 started.
<-><->
      
l.67 ...be an elliptic curve over $\QQ$. We know $
                                                  E$
Not a real error.

! Preview: Snippet 6 ended.(490372+0x571105).
<-><->
      
l.67 ... an elliptic curve over $\QQ$. We know $E$
                                                  
Not a real error.

[6]
! Preview: Snippet 7 started.
<-><->
      
l.68 has the rational points $
                              \OO, T = (0,0)$.
Not a real error.

! Preview: Snippet 7 ended.(538214+179404x3980739).
<-><->
      
l.68 has the rational points $\OO, T = (0,0)$
                                             .
Not a real error.

[7]
! Preview: Snippet 8 started.
<-><->
      
l.71 \[
        \bar{E} : y^2 = x^3 + \bar{a}x^2 + \bar{b}x \]
Not a real error.

! Preview: Snippet 8 ended.(773711+0x15351135).
<-><->
      
l.71 ...{E} : y^2 = x^3 + \bar{a}x^2 + \bar{b}x \]
                                                  
Not a real error.

[8]
! Preview: Snippet 9 started.
<-><->
      
l.72 where $
            \bar{a} = -2a$ and $\bar{b} = a^2 - 4b$. Repeating this process ...

Not a real error.

! Preview: Snippet 9 ended.(462465+59802x2632432).
<-><->
      
l.72 where $\bar{a} = -2a$
                           and $\bar{b} = a^2 - 4b$. Repeating this process ...

Not a real error.

[9]
! Preview: Snippet 10 started.
<-><->
      
l.72 where $\bar{a} = -2a$ and $
                                \bar{b} = a^2 - 4b$. Repeating this process ...

Not a real error.

! Preview: Snippet 10 ended.(598293+59802x3499298).
<-><->
      
l.72 ...e $\bar{a} = -2a$ and $\bar{b} = a^2 - 4b$
                                                  . Repeating this process y...

Not a real error.

[10]
! Preview: Snippet 11 started.
<-><->
      
l.74 \[
        \bar{\bar{E}} : y^2 = x^3 +  4ax^2 + 16bx\]
Not a real error.

! Preview: Snippet 11 ended.(826855+0x15889350).
<-><->
      
l.74 ...bar{\bar{E}} : y^2 = x^3 +  4ax^2 + 16bx\]
                                                  
Not a real error.

[11]
! Preview: Snippet 12 started.
<-><->
      
l.75 which is birationally equivalent to $
                                          E$ by the transformation $y \mapst...

Not a real error.

! Preview: Snippet 12 ended.(490372+0x571105).
<-><->
      
l.75 which is birationally equivalent to $E$
                                             by the transformation $y \mapst...

Not a real error.

[12]
! Preview: Snippet 13 started.
<-><->
      
l.75 ... equivalent to $E$ by the transformation $
                                                  y \mapsto 8y,
Not a real error.

! Preview: Snippet 13 ended.(462465+139537x4844584).
<-><->
      
l.76 x \mapsto 4x$
                  .
Not a real error.

[13]
! Preview: Snippet 14 started.
<-><->
      
l.79   Let $
            E, \bar{E}$ be as above. The maps $\phi : E \rightarrow \bar{E}$...

Not a real error.

! Preview: Snippet 14 ended.(588845+139537x1461150).
<-><->
      
l.79   Let $E, \bar{E}$
                        be as above. The maps $\phi : E \rightarrow \bar{E}$...

Not a real error.

[14]
! Preview: Snippet 15 started.
<-><->
      
l.79   Let $E, \bar{E}$ be as above. The maps $
                                               \phi : E \rightarrow \bar{E}$...

Not a real error.

! Preview: Snippet 15 ended.(588845+139537x3284092).
<-><->
      
l.79 ...e. The maps $\phi : E \rightarrow \bar{E}$
                                                   and
Not a real error.

[15]
! Preview: Snippet 16 started.
<-><->
      
l.80   $
        \psi : \bar{E} \rightarrow E$ defined by
Not a real error.

! Preview: Snippet 16 ended.(588845+139537x3349708).
<-><->
      
l.80   $\psi : \bar{E} \rightarrow E$
                                      defined by
Not a real error.

[16]
! Preview: Snippet 17 started.
<-><->
      
l.81   \[
         \phi(P) =
Not a real error.

! Preview: Snippet 17 ended.(2152878+0x18865329).
<-><->
      
l.85     \end{cases}\]
                      
Not a real error.

[17]
! Preview: Snippet 18 started.
<-><->
      
l.87   \[
         \psi(P) =
Not a real error.

! Preview: Snippet 18 ended.(2152878+0x19037403).
<-><->
      
l.92     \end{cases}\]
                      
Not a real error.

[18]
! Preview: Snippet 19 started.
<-><->
      
l.93   are elliptic curve homomorphisms, $
                                          \text{Ker}(\phi) = \{\OO, T\}$ and
Not a real error.

! Preview: Snippet 19 ended.(538214+179404x5273843).
<-><->
      
l.93 ...morphisms, $\text{Ker}(\phi) = \{\OO, T\}$
                                                   and
Not a real error.

[19]
! Preview: Snippet 20 started.
<-><->
      
l.94   \[
          \psi \circ \phi (P) = 2P , \text{ for all points } P \in E.\]
Not a real error.

! Preview: Snippet 20 ended.(717618+0x17586040).
<-><->
      
l.94 ... = 2P , \text{ for all points } P \in E.\]
                                                  
Not a real error.

[20]
! Preview: Snippet 21 started.
<-><->
      
l.99   If $
           E / \psi(\bar{E}))$ and $\bar{E} / \phi(E)$ are finite, then so i...

Not a real error.

! Preview: Snippet 21 ended.(588845+179404x2831443).
<-><->
      
l.99   If $E / \psi(\bar{E}))$
                               and $\bar{E} / \phi(E)$ are finite, then so i...

Not a real error.

[21]
! Preview: Snippet 22 started.
<-><->
      
l.99   If $E / \psi(\bar{E}))$ and $
                                    \bar{E} / \phi(E)$ are finite, then so i...

Not a real error.

! Preview: Snippet 22 ended.(588845+179404x2486752).
<-><->
      
l.99 ... / \psi(\bar{E}))$ and $\bar{E} / \phi(E)$
                                                   are finite, then so is $E...

Not a real error.

[22]
! Preview: Snippet 23 started.
<-><->
      
l.99 ...bar{E} / \phi(E)$ are finite, then so is $
                                                  E/2E$
Not a real error.

! Preview: Snippet 23 ended.(538214+179404x1859830).
<-><->
      
l.99 ...} / \phi(E)$ are finite, then so is $E/2E$
                                                  
Not a real error.

[23]
! Preview: Snippet 24 started.
<-><->
      
l.103 We are thus led to consider the quotient $
                                                E(\QQ) / \psi(\bar{E}(\QQ))$...

Not a real error.

! Preview: Snippet 24 ended.(588845+179404x4784968).
<-><->
      
l.103 ...he quotient $E(\QQ) / \psi(\bar{E}(\QQ))$
                                                   (the
Not a real error.

[24]
! Preview: Snippet 25 started.
<-><->
      
l.106 ...tion, we have a short exact sequence of $
                                                  G_{\QQ}$-modules
Not a real error.

! Preview: Snippet 25 ended.(490372+201378x1004776).
<-><->
      
l.106 ... have a short exact sequence of $G_{\QQ}$
                                                  -modules
Not a real error.

[25]
! Preview: Snippet 26 started.
<-><->
      
l.107 \[
         0 \rightarrow \{\OO, T\} \rightarrow \bar{E}(\QQ) \rightarrow E(\QQ)
Not a real error.

! Preview: Snippet 26 ended.(768249+0x17148692).
<-><->
      
l.108   \rightarrow 0\]
                       
Not a real error.

[26]
! Preview: Snippet 27 started.
<-><->
      
l.109 and $
           \{\OO, T\} \simeq \ZZ/2\ZZ$. Taking Galois cohomology we get the ...

Not a real error.

! Preview: Snippet 27 ended.(538214+179404x4778097).
<-><->
      
l.109 and $\{\OO, T\} \simeq \ZZ/2\ZZ$
                                      . Taking Galois cohomology we get the ...

Not a real error.

[27]
! Preview: Snippet 28 started.
<-><->
      
l.112 \[
         0 \rightarrow \ZZ / 2\ZZ \rightarrow \bar{E}(\QQ) \rightarrow E(\QQ)
Not a real error.

! Preview: Snippet 28 ended.(813578+0x22859765).
<-><->
      
l.114   H^1(\QQ, E)\]
                     
Not a real error.

[28]
! Preview: Snippet 29 started.
<-><->
      
l.117 \[
         0 \rightarrow \frac{E(\QQ)}{\psi(\bar{E} (\QQ))} \rightarrow
Not a real error.

! Preview: Snippet 29 ended.(1712997+0x20364122).
<-><->
      
l.118 ...(\QQ, \bar{E}(\QQ))[\psi] \rightarrow 0\]
                                                  
Not a real error.

[29]
! Preview: Snippet 30 started.
<-><->
      
l.120 To get the order of $
                           E(\QQ) / \psi(\bar{E}(\QQ))$ we need to know the ...

Not a real error.

! Preview: Snippet 30 ended.(588845+179404x4784968).
<-><->
      
l.120 ...he order of $E(\QQ) / \psi(\bar{E}(\QQ))$
                                                   we need to know the order of

Not a real error.

[30]
! Preview: Snippet 31 started.
<-><->
      
l.121 $
       H^1(\QQ, \ZZ/2\ZZ)$.
Not a real error.

! Preview: Snippet 31 ended.(598293+179404x4075814).
<-><->
      
l.121 $H^1(\QQ, \ZZ/2\ZZ)$
                          .
Not a real error.

[31]
! Preview: Snippet 32 started.
<-><->
      
l.124   $
         H^1(\QQ, \ZZ/2\ZZ) \simeq \QQ^{\times} / (\QQ^{\times})^2$
Not a real error.

! Preview: Snippet 32 ended.(598293+179404x8309274).
<-><->
      
l.124 ...) \simeq \QQ^{\times} / (\QQ^{\times})^2$
                                                  
Not a real error.

[32]
! Preview: Snippet 33 started.
<-><->
      
l.127 \[
        0 \rightarrow \mu_2 \rightarrow \bar{\QQ}^{\times} \xrightarrow[]{2}...

Not a real error.

! Preview: Snippet 33 ended.(955973+0x15843719).
<-><->
      
l.128   \, 0 \]
               
Not a real error.

[33]
! Preview: Snippet 34 started.
<-><->
      
l.129 where $
             \mu_2 = \text{Gal} (\QQ(i) : \QQ) \simeq \ZZ / 2\ZZ.$
Not a real error.

! Preview: Snippet 34 ended.(538214+179404x8730248).
<-><->
      
l.129 ...t{Gal} (\QQ(i) : \QQ) \simeq \ZZ / 2\ZZ.$
                                                  
Not a real error.

[34]
! Preview: Snippet 35 started.
<-><->
      
l.132 \[
         0 \ra \mu_2 \ra \bar{\QQ}^{\times} \xrightarrow[]{2} \bar{\QQ}^{\ti...

Not a real error.

! Preview: Snippet 35 ended.(995840+0x19913344).
<-><->
      
l.133   \ra H^1(\QQ, \bar{\QQ}^{\times})\]
                                          
Not a real error.

[35]
! Preview: Snippet 36 started.
<-><->
      
l.134 and $
           H^1(\QQ, \bar{\QQ}^{\times}) \simeq 0$ by Hilbert's Theorem 90. T...

Not a real error.

! Preview: Snippet 36 ended.(598293+179404x4741186).
<-><->
      
l.134 and $H^1(\QQ, \bar{\QQ}^{\times}) \simeq 0$
                                                  by Hilbert's Theorem 90. T...

Not a real error.

[36]
! Preview: Snippet 37 started.
<-><->
      
l.135 \[
        H^1(\QQ, \ZZ/2\ZZ) \simeq \QQ^{\times}/(\QQ^{\times})^2. \]
Not a real error.

! Preview: Snippet 37 ended.(813578+0x16050787).
<-><->
      
l.135 ... \simeq \QQ^{\times}/(\QQ^{\times})^2. \]
                                                  
Not a real error.

[37]  !name(galois.tex) !offset(84) 
\newlabel{tocindent-1}{0pt}
\newlabel{tocindent0}{0pt}
\newlabel{tocindent1}{19.4667pt}
\newlabel{tocindent2}{0pt}
\newlabel{tocindent3}{0pt}
Package atveryend Info: Empty hook `BeforeClearDocument' on input line 141.
Package atveryend Info: Empty hook `AfterLastShipout' on input line 141.
Package atveryend Info: Executing hook `AtVeryEndDocument' on input line 141.
Package atveryend Info: Empty hook `AtEndAfterFileList' on input line 141.
Package atveryend Info: Empty hook `AtVeryVeryEnd' on input line 141.
 ) 
Here is how much of TeX's memory you used:
 667 strings out of 486380
 9315 string characters out of 6048533
 191961 words of memory out of 5000000
 10593 multiletter control sequences out of 15000+600000
 13264 words of font info for 50 fonts, out of 8000000 for 9000
 1302 hyphenation exceptions out of 8191
 28i,13n,32p,183b,365s stack positions out of 5000i,500n,10000p,200000b,80000s
</usr/share/texmf-dist/fonts/type1/public/amsfonts/cm/cmcsc10.pfb></usr/share
/texmf-dist/fonts/type1/public/amsfonts/cm/cmex10.pfb></usr/share/texmf-dist/fo
nts/type1/public/amsfonts/cm/cmmi10.pfb></usr/share/texmf-dist/fonts/type1/publ
ic/amsfonts/cm/cmmi8.pfb></usr/share/texmf-dist/fonts/type1/public/amsfonts/cm/
cmr10.pfb></usr/share/texmf-dist/fonts/type1/public/amsfonts/cm/cmr6.pfb></usr/
share/texmf-dist/fonts/type1/public/amsfonts/cm/cmr8.pfb></usr/share/texmf-dist
/fonts/type1/public/amsfonts/cm/cmsy10.pfb></usr/share/texmf-dist/fonts/type1/p
ublic/amsfonts/cm/cmsy8.pfb></usr/share/texmf-dist/fonts/type1/public/amsfonts/
cm/cmti10.pfb></usr/share/texmf-dist/fonts/type1/public/amsfonts/symbols/msbm10
.pfb>
Output written on _region_.pdf (37 pages, 104896 bytes).
PDF statistics:
 174 PDF objects out of 1000 (max. 8388607)
 122 compressed objects within 2 object streams
 1 named destinations out of 1000 (max. 500000)
 1 words of extra memory for PDF output out of 10000 (max. 10000000)

